{"C:\\Projects\\lifehack\\Lifehack\\src\\assets\\lifehackList.ts": {"path":"C:\\Projects\\lifehack\\Lifehack\\src\\assets\\lifehackList.ts","statementMap":{"0":{"start":{"line":6,"column":13},"end":{"line":179,"column":2}}},"fnMap":{},"branchMap":{},"s":{"0":1},"f":{},"b":{}}
,"C:\\Projects\\lifehack\\Lifehack\\src\\components\\cardButton.tsx": {"path":"C:\\Projects\\lifehack\\Lifehack\\src\\components\\cardButton.tsx","statementMap":{"0":{"start":{"line":1,"column":0},"end":{"line":1,"column":42}},"1":{"start":{"line":11,"column":2},"end":{"line":24,"column":4}},"2":{"start":{"line":27,"column":0},"end":{"line":27,"column":26}}},"fnMap":{"0":{"name":"CardButton","decl":{"start":{"line":10,"column":9},"end":{"line":10,"column":19}},"loc":{"start":{"line":10,"column":70},"end":{"line":25,"column":1}}}},"branchMap":{},"s":{"0":2,"1":15,"2":2},"f":{"0":15},"b":{}}
,"C:\\Projects\\lifehack\\Lifehack\\src\\components\\mainCard.tsx": {"path":"C:\\Projects\\lifehack\\Lifehack\\src\\components\\mainCard.tsx","statementMap":{"0":{"start":{"line":1,"column":0},"end":{"line":1,"column":33}},"1":{"start":{"line":2,"column":0},"end":{"line":2,"column":40}},"2":{"start":{"line":3,"column":0},"end":{"line":3,"column":38}},"3":{"start":{"line":4,"column":0},"end":{"line":4,"column":50}},"4":{"start":{"line":5,"column":0},"end":{"line":5,"column":44}},"5":{"start":{"line":8,"column":42},"end":{"line":8,"column":53}},"6":{"start":{"line":10,"column":4},"end":{"line":10,"column":79}},"7":{"start":{"line":10,"column":39},"end":{"line":10,"column":77}},"8":{"start":{"line":12,"column":2},"end":{"line":53,"column":4}},"9":{"start":{"line":56,"column":0},"end":{"line":56,"column":24}}},"fnMap":{"0":{"name":"MainCard","decl":{"start":{"line":7,"column":9},"end":{"line":7,"column":17}},"loc":{"start":{"line":7,"column":17},"end":{"line":54,"column":1}}},"1":{"name":"changeLifehack","decl":{"start":{"line":9,"column":11},"end":{"line":9,"column":25}},"loc":{"start":{"line":9,"column":25},"end":{"line":11,"column":3}}},"2":{"name":"(anonymous_3)","decl":{"start":{"line":10,"column":20},"end":{"line":10,"column":21}},"loc":{"start":{"line":10,"column":39},"end":{"line":10,"column":77}}}},"branchMap":{},"s":{"0":1,"1":1,"2":1,"3":1,"4":1,"5":5,"6":1,"7":1,"8":5,"9":1},"f":{"0":5,"1":1,"2":1},"b":{}}
,"C:\\Projects\\lifehack\\Lifehack\\src\\components\\shareDialog.tsx": {"path":"C:\\Projects\\lifehack\\Lifehack\\src\\components\\shareDialog.tsx","statementMap":{"0":{"start":{"line":25,"column":0},"end":{"line":25,"column":16}},"1":{"start":{"line":1,"column":0},"end":{"line":1,"column":70}},"2":{"start":{"line":2,"column":0},"end":{"line":2,"column":92}},"3":{"start":{"line":3,"column":0},"end":{"line":3,"column":38}},"4":{"start":{"line":13,"column":4},"end":{"line":23,"column":2}},"5":{"start":{"line":15,"column":4},"end":{"line":17,"column":7}},"6":{"start":{"line":18,"column":22},"end":{"line":18,"column":81}},"7":{"start":{"line":19,"column":21},"end":{"line":19,"column":94}},"8":{"start":{"line":20,"column":28},"end":{"line":20,"column":98}},"9":{"start":{"line":22,"column":4},"end":{"line":22,"column":99}},"10":{"start":{"line":26,"column":14},"end":{"line":26,"column":34}},"11":{"start":{"line":27,"column":16},"end":{"line":27,"column":30}},"12":{"start":{"line":29,"column":2},"end":{"line":77,"column":4}}},"fnMap":{"0":{"name":"(anonymous_1)","decl":{"start":{"line":14,"column":6},"end":{"line":14,"column":7}},"loc":{"start":{"line":15,"column":4},"end":{"line":17,"column":7}}},"1":{"name":"(anonymous_2)","decl":{"start":{"line":18,"column":13},"end":{"line":18,"column":14}},"loc":{"start":{"line":18,"column":22},"end":{"line":18,"column":81}}},"2":{"name":"(anonymous_3)","decl":{"start":{"line":19,"column":12},"end":{"line":19,"column":13}},"loc":{"start":{"line":19,"column":21},"end":{"line":19,"column":94}}},"3":{"name":"(anonymous_4)","decl":{"start":{"line":20,"column":12},"end":{"line":20,"column":13}},"loc":{"start":{"line":20,"column":28},"end":{"line":20,"column":98}}},"4":{"name":"(anonymous_5)","decl":{"start":{"line":21,"column":12},"end":{"line":21,"column":13}},"loc":{"start":{"line":22,"column":4},"end":{"line":22,"column":99}}},"5":{"name":"ShareDialog","decl":{"start":{"line":25,"column":16},"end":{"line":25,"column":27}},"loc":{"start":{"line":25,"column":27},"end":{"line":78,"column":1}}}},"branchMap":{"0":{"loc":{"start":{"line":16,"column":6},"end":{"line":16,"column":17}},"type":"binary-expr","locations":[{"start":{"line":16,"column":6},"end":{"line":16,"column":11}},{"start":{"line":16,"column":15},"end":{"line":16,"column":17}}]},"1":{"loc":{"start":{"line":20,"column":71},"end":{"line":20,"column":82}},"type":"binary-expr","locations":[{"start":{"line":20,"column":71},"end":{"line":20,"column":76}},{"start":{"line":20,"column":80},"end":{"line":20,"column":82}}]},"2":{"loc":{"start":{"line":22,"column":85},"end":{"line":22,"column":96}},"type":"binary-expr","locations":[{"start":{"line":22,"column":85},"end":{"line":22,"column":90}},{"start":{"line":22,"column":94},"end":{"line":22,"column":96}}]}},"s":{"0":1,"1":1,"2":1,"3":1,"4":1,"5":5,"6":5,"7":5,"8":5,"9":5,"10":5,"11":5,"12":5},"f":{"0":5,"1":5,"2":5,"3":5,"4":5,"5":5},"b":{"0":[5,0],"1":[5,0],"2":[5,0]}}
,"C:\\Projects\\lifehack\\Lifehack\\src\\components\\ui\\color-mode.tsx": {"path":"C:\\Projects\\lifehack\\Lifehack\\src\\components\\ui\\color-mode.tsx","statementMap":{"0":{"start":{"line":12,"column":0},"end":{"line":12,"column":16}},"1":{"start":{"line":26,"column":0},"end":{"line":26,"column":16}},"2":{"start":{"line":39,"column":0},"end":{"line":39,"column":16}},"3":{"start":{"line":44,"column":0},"end":{"line":44,"column":16}},"4":{"start":{"line":4,"column":0},"end":{"line":4,"column":73}},"5":{"start":{"line":5,"column":0},"end":{"line":5,"column":53}},"6":{"start":{"line":7,"column":0},"end":{"line":7,"column":30}},"7":{"start":{"line":8,"column":0},"end":{"line":8,"column":46}},"8":{"start":{"line":13,"column":2},"end":{"line":15,"column":null}},"9":{"start":{"line":27,"column":51},"end":{"line":27,"column":61}},"10":{"start":{"line":28,"column":20},"end":{"line":28,"column":48}},"11":{"start":{"line":29,"column":26},"end":{"line":31,"column":3}},"12":{"start":{"line":30,"column":4},"end":{"line":30,"column":null}},"13":{"start":{"line":32,"column":2},"end":{"line":36,"column":null}},"14":{"start":{"line":40,"column":24},"end":{"line":40,"column":38}},"15":{"start":{"line":41,"column":2},"end":{"line":41,"column":null}},"16":{"start":{"line":45,"column":24},"end":{"line":45,"column":38}},"17":{"start":{"line":46,"column":2},"end":{"line":46,"column":null}},"18":{"start":{"line":51,"column":13},"end":{"line":76,"column":null}},"19":{"start":{"line":55,"column":30},"end":{"line":55,"column":44}},"20":{"start":{"line":56,"column":2},"end":{"line":75,"column":null}},"21":{"start":{"line":78,"column":13},"end":{"line":92,"column":null}},"22":{"start":{"line":80,"column":4},"end":{"line":90,"column":null}},"23":{"start":{"line":94,"column":13},"end":{"line":108,"column":null}},"24":{"start":{"line":96,"column":4},"end":{"line":106,"column":null}}},"fnMap":{"0":{"name":"ColorModeProvider","decl":{"start":{"line":12,"column":16},"end":{"line":12,"column":33}},"loc":{"start":{"line":12,"column":63},"end":{"line":16,"column":1}}},"1":{"name":"useColorMode","decl":{"start":{"line":26,"column":16},"end":{"line":26,"column":28}},"loc":{"start":{"line":26,"column":28},"end":{"line":37,"column":1}}},"2":{"name":"(anonymous_11)","decl":{"start":{"line":29,"column":26},"end":{"line":29,"column":29}},"loc":{"start":{"line":29,"column":31},"end":{"line":31,"column":3}}},"3":{"name":"useColorModeValue","decl":{"start":{"line":39,"column":16},"end":{"line":39,"column":33}},"loc":{"start":{"line":39,"column":54},"end":{"line":42,"column":1}}},"4":{"name":"ColorModeIcon","decl":{"start":{"line":44,"column":16},"end":{"line":44,"column":29}},"loc":{"start":{"line":44,"column":29},"end":{"line":47,"column":1}}},"5":{"name":"ColorModeButton","decl":{"start":{"line":54,"column":11},"end":{"line":54,"column":26}},"loc":{"start":{"line":54,"column":37},"end":{"line":76,"column":1}}},"6":{"name":"LightMode","decl":{"start":{"line":79,"column":11},"end":{"line":79,"column":20}},"loc":{"start":{"line":79,"column":31},"end":{"line":91,"column":3}}},"7":{"name":"DarkMode","decl":{"start":{"line":95,"column":11},"end":{"line":95,"column":19}},"loc":{"start":{"line":95,"column":30},"end":{"line":107,"column":3}}}},"branchMap":{"0":{"loc":{"start":{"line":28,"column":20},"end":{"line":28,"column":48}},"type":"binary-expr","locations":[{"start":{"line":28,"column":20},"end":{"line":28,"column":31}},{"start":{"line":28,"column":35},"end":{"line":28,"column":48}}]},"1":{"loc":{"start":{"line":30,"column":13},"end":{"line":30,"column":56}},"type":"cond-expr","locations":[{"start":{"line":30,"column":40},"end":{"line":30,"column":47}},{"start":{"line":30,"column":50},"end":{"line":30,"column":56}}]},"2":{"loc":{"start":{"line":41,"column":9},"end":{"line":41,"column":44}},"type":"cond-expr","locations":[{"start":{"line":41,"column":32},"end":{"line":41,"column":36}},{"start":{"line":41,"column":39},"end":{"line":41,"column":44}}]},"3":{"loc":{"start":{"line":46,"column":9},"end":{"line":46,"column":54}},"type":"cond-expr","locations":[{"start":{"line":46,"column":32},"end":{"line":46,"column":42}},{"start":{"line":46,"column":45},"end":{"line":46,"column":54}}]}},"s":{"0":2,"1":2,"2":2,"3":2,"4":2,"5":2,"6":2,"7":2,"8":5,"9":0,"10":0,"11":0,"12":0,"13":0,"14":0,"15":0,"16":0,"17":0,"18":2,"19":0,"20":0,"21":2,"22":0,"23":2,"24":0},"f":{"0":5,"1":0,"2":0,"3":0,"4":0,"5":0,"6":0,"7":0},"b":{"0":[0,0],"1":[0,0],"2":[0,0],"3":[0,0]}}
,"C:\\Projects\\lifehack\\Lifehack\\src\\components\\ui\\provider.tsx": {"path":"C:\\Projects\\lifehack\\Lifehack\\src\\components\\ui\\provider.tsx","statementMap":{"0":{"start":{"line":9,"column":0},"end":{"line":9,"column":16}},"1":{"start":{"line":3,"column":0},"end":{"line":3,"column":64}},"2":{"start":{"line":4,"column":0},"end":{"line":4,"column":null}},"3":{"start":{"line":10,"column":2},"end":{"line":14,"column":null}}},"fnMap":{"0":{"name":"Provider","decl":{"start":{"line":9,"column":16},"end":{"line":9,"column":24}},"loc":{"start":{"line":9,"column":54},"end":{"line":15,"column":1}}}},"branchMap":{},"s":{"0":2,"1":2,"2":2,"3":5},"f":{"0":5},"b":{}}
}
