TN:
SF:src\assets\lifehackList.ts
FNF:0
FNH:0
DA:6,1
LF:1
LH:1
BRF:0
BRH:0
end_of_record
TN:
SF:src\components\cardButton.tsx
FN:10,CardButton
FNF:1
FNH:1
FNDA:15,CardButton
DA:1,2
DA:11,15
DA:27,2
LF:3
LH:3
BRF:0
BRH:0
end_of_record
TN:
SF:src\components\mainCard.tsx
FN:7,MainCard
FN:9,changeLifehack
FN:10,(anonymous_3)
FNF:3
FNH:3
FNDA:5,MainCard
FNDA:1,changeLifehack
FNDA:1,(anonymous_3)
DA:1,1
DA:2,1
DA:3,1
DA:4,1
DA:5,1
DA:8,5
DA:10,1
DA:12,5
DA:56,1
LF:9
LH:9
BRF:0
BRH:0
end_of_record
TN:
SF:src\components\shareDialog.tsx
FN:14,(anonymous_1)
FN:18,(anonymous_2)
FN:19,(anonymous_3)
FN:20,(anonymous_4)
FN:21,(anonymous_5)
FN:25,ShareDialog
FNF:6
FNH:6
FNDA:5,(anonymous_1)
FNDA:5,(anonymous_2)
FNDA:5,(anonymous_3)
FNDA:5,(anonymous_4)
FNDA:5,(anonymous_5)
FNDA:5,ShareDialog
DA:1,1
DA:2,1
DA:3,1
DA:13,1
DA:15,5
DA:18,5
DA:19,5
DA:20,5
DA:22,5
DA:25,1
DA:26,5
DA:27,5
DA:29,5
LF:13
LH:13
BRDA:16,0,0,5
BRDA:16,0,1,0
BRDA:20,1,0,5
BRDA:20,1,1,0
BRDA:22,2,0,5
BRDA:22,2,1,0
BRF:6
BRH:3
end_of_record
TN:
SF:src\components\ui\color-mode.tsx
FN:12,ColorModeProvider
FN:26,useColorMode
FN:29,(anonymous_11)
FN:39,useColorModeValue
FN:44,ColorModeIcon
FN:54,ColorModeButton
FN:79,LightMode
FN:95,DarkMode
FNF:8
FNH:1
FNDA:5,ColorModeProvider
FNDA:0,useColorMode
FNDA:0,(anonymous_11)
FNDA:0,useColorModeValue
FNDA:0,ColorModeIcon
FNDA:0,ColorModeButton
FNDA:0,LightMode
FNDA:0,DarkMode
DA:4,2
DA:5,2
DA:7,2
DA:8,2
DA:12,2
DA:13,5
DA:26,2
DA:27,0
DA:28,0
DA:29,0
DA:30,0
DA:32,0
DA:39,2
DA:40,0
DA:41,0
DA:44,2
DA:45,0
DA:46,0
DA:51,2
DA:55,0
DA:56,0
DA:78,2
DA:80,0
DA:94,2
DA:96,0
LF:25
LH:12
BRDA:28,0,0,0
BRDA:28,0,1,0
BRDA:30,1,0,0
BRDA:30,1,1,0
BRDA:41,2,0,0
BRDA:41,2,1,0
BRDA:46,3,0,0
BRDA:46,3,1,0
BRF:8
BRH:0
end_of_record
TN:
SF:src\components\ui\provider.tsx
FN:9,Provider
FNF:1
FNH:1
FNDA:5,Provider
DA:3,2
DA:4,2
DA:9,2
DA:10,5
LF:4
LH:4
BRF:0
BRH:0
end_of_record
